     1 READING RUNSPEC
     2 READING TITLE
     3 READING DIMENS
     4 READING OIL
     5 READING WATER
     6 READING FIELD
     7 READING EQLDIMS
     8 READING TRACERS
     9 READING TABDIMS
    10 READING REGDIMS
    11 READING WELLDIMS
    12 READING AQUDIMS
    13 READING START
    14 READING NSTACK
    15 READING GRID

 @--MESSAGE  AT TIME        0.0   DAYS    ( 1-JAN-1983):
 @           CHECKING FOR LICENSES

 @--MESSAGE  AT TIME        0.0   DAYS    ( 1-JAN-1983):
 @           THE MEMORY REQUIRED TO PROCESS THE GRID SECTION IS
 @                60872 BYTES
    16 READING DX
    17 READING DY
    18 READING DZ
    19 READING TOPS

 @--WARNING  AT TIME        0.0   DAYS    ( 1-JAN-1983):
 @                    120 VALUES NOT DEFINED IN BOX (  1- 15,  1-  1,  1-  9)
 @           OF KEYWORD TOPS
    20 READING PORO
    21 READING PERMX
    22 READING PERMZ
    23 READING PROPS

 @--MESSAGE  AT TIME        0.0   DAYS    ( 1-JAN-1983):
 @           UNSPECIFIED TOPS VALUES OBTAINED BY ADDING DZ
 @           TO TOPS VALUE FOR LAYER ABOVE

 @--MESSAGE  AT TIME        0.0   DAYS    ( 1-JAN-1983):
 @           NEITHER OLDTRAN,OLDTRANR NOR NEWTRAN SPECIFIED
 @           BLOCK CENTRE TRANSMISSIBILITIES TO BE CALCULATED
 @           USING  OLDTRAN

 @--COMMENT  AT TIME        0.0   DAYS    ( 1-JAN-1983):
 @           NO NON-NEIGHBOUR CONNECTIONS FOUND

 @--MESSAGE  AT TIME        0.0   DAYS    ( 1-JAN-1983):
 @           NUMBER OF ACTIVE CELLS IS 135

 @--MESSAGE  AT TIME        0.0   DAYS    ( 1-JAN-1983):
 @           THE MEMORY REQUIRED TO PROCESS THE SOLUTION SECTION IS
 @               676660 BYTES

 @--MESSAGE  AT TIME        0.0   DAYS    ( 1-JAN-1983):
 @              58698 CHARACTER VARIABLES USED
    24 READING SWFN
    25 READING SOF2
    26 READING PVTW
    27 READING PVDO
    28 READING ROCK
    29 READING DENSITY
    30 READING TRACER
    31 READING RPTPROPS
    32 READING REGIONS
    33 READING SATNUM
    34 READING FIPNUM
    35 READING TNUMFIW1
    36 READING TNUMFIW2
    37 READING RPTREGS
    38 READING SOLUTION
    39 READING EQUIL
    40 READING AQUFET

 @--COMMENT  AT TIME        0.0   DAYS    ( 1-JAN-1983):
 @           THE MINIMUM VALUE FOR NCAMAX IN THE AQUDIMS KEYWORD
 @           IN RUNSPEC IS         1
    41 READING AQANTRC
    42 READING TVDPFIW1
    43 READING TVDPFIW2
    44 READING TBLKFCNW
    45 READING TBLKFAQW
    46 READING TBLKFOL1
    47 READING TBLKFOL2
    48 READING TBLKFOL3
    49 READING TBLKFOL4
    50 READING TBLKFOL5
    51 READING TBLKFOL6
    52 READING TBLKFOL7
    53 READING TBLKFOL8
    54 READING TBLKFOL9
    55 READING RPTSOL
    56 READING SUMMARY
    57 READING FOPR
    58 READING FWPR
    59 READING FOPT
    60 READING FWPT
    61 READING FTPRIW1
    62 READING FTPRIW2
    63 READING FTPRCNW
    64 READING FTPRAQW
    65 READING FTPROL1
    66 READING FTPROL2
    67 READING FTPROL3
    68 READING FTPROL4
    69 READING FTPROL5
    70 READING FTPROL6
    71 READING FTPROL7
    72 READING FTPROL8
    73 READING FTPROL9
    74 READING FTPTIW1
    75 READING FTPTIW2
    76 READING FTPTCNW
    77 READING FTPTAQW
    78 READING FTPTOL1
    79 READING FTPTOL2
    80 READING FTPTOL3
    81 READING FTPTOL4
    82 READING FTPTOL5
    83 READING FTPTOL6
    84 READING FTPTOL7
    85 READING FTPTOL8
    86 READING FTPTOL9
    87 READING RPTSMRY
    88 READING SCHEDULE
    89 READING RPTSCHED
    90 READING WELSPECS
    91 READING COMPDAT
    92 READING WCONPROD

 @--WARNING  AT TIME        0.0   DAYS    ( 1-JAN-1983):
 @           THE BOTTOM HOLE PRESSURE LIMIT FOR WELL P
 @           HAS BEEN DEFAULTED.  THE DEFAULT VALUE IS
 @               14.7   PSIA
    93 READING WCONINJE

 @--WARNING  AT TIME        0.0   DAYS    ( 1-JAN-1983):
 @           THE BOTTOM HOLE PRESSURE LIMIT FOR WELL I1
 @           HAS BEEN DEFAULTED. THE DEFAULT VALUE IS  100000.   PSIA

 @--WARNING  AT TIME        0.0   DAYS    ( 1-JAN-1983):
 @           THE BOTTOM HOLE PRESSURE LIMIT FOR WELL I2
 @           HAS BEEN DEFAULTED. THE DEFAULT VALUE IS  100000.   PSIA
    94 READING WTRACER
    95 READING TSTEP

 IT= 0   CNV      CELL     MAT BAL   DPRESS    DSWAT
 OIL 0.01075( 15,  1,  1)  1.1D-04     0.00  0.00000
 WAT-0.06205( 15,  1,  9) -6.8D-04     0.00  0.00000

       LINIT= 1 NSCHP=    0 NCHOP=    0 NSTAT1,2,3=    0  135    0 NTRAN=    0
 IT= 1   CNV      CELL     MAT BAL   DPRESS    DSWAT
 OIL 0.00015( 15,  1,  8) -1.0D-07     9.00 -0.00001
 WAT-0.00018( 15,  1,  8)  5.6D-08     9.00 -0.00001

 STEP    1 TIME=    1.00  DAYS (  +1.0  DAYS INIT  1 ITS) (2-JAN-1983)
  PAV=  4093.6  PSIA   WCT=0.000 GOR= 0.00000  MSCF/STB WGR= 0.00000  STB/MSCF

      PR.RATE   PR.TOTAL  IN.RATE   IN.TOTAL  MAX SATURN CHANGE   MAX TIME TRNC ERR

 OIL    2999.      2999.       0.         0. -0.008( 15,  1,  9) -0.008( 15,  1,  9)
 WAT       1.         1.    2800.      2800.  0.008( 15,  1,  9)  0.008( 15,  1,  9)
      MAX DP = -102.12( 15,  1,  1)

 IT= 0   CNV      CELL     MAT BAL   DPRESS    DSWAT
 OIL 0.02257( 15,  1,  9)  3.2D-04     0.00  0.00000
 WAT-0.01275(  1,  1,  1) -4.0D-04     0.00  0.00000

       LINIT= 1 NSCHP=    4 NCHOP=    0 NSTAT1,2,3=    0  135    0 NTRAN=    0
 IT= 1   CNV      CELL     MAT BAL   DPRESS    DSWAT
 OIL 0.00287( 15,  1,  8)  2.2D-05   -12.91  0.00001
 WAT-0.00303( 15,  1,  8) -2.2D-05   -12.91  0.00001

       LINIT= 1 NSCHP=    0 NCHOP=    0 NSTAT1,2,3=    0  135    0 NTRAN=    0
 IT= 2   CNV      CELL     MAT BAL   DPRESS    DSWAT
 OIL 0.00000( 15,  1,  4) -4.4D-11   -28.00  0.00003
 WAT 0.00000( 15,  1,  8)  2.0D-11   -12.77  0.00280

 STEP    2 TIME=    4.00  DAYS (  +3.0  DAYS MAXF  2 ITS) (5-JAN-1983)
  PAV=  4115.2  PSIA   WCT=0.000 GOR= 0.00000  MSCF/STB WGR= 0.00000  STB/MSCF

      PR.RATE   PR.TOTAL  IN.RATE   IN.TOTAL  MAX SATURN CHANGE   MAX TIME TRNC ERR

 OIL    2999.     11996.       0.         0. -0.027( 15,  1,  9) -0.003( 15,  1,  9)
 WAT       1.         4.    2800.     11200.  0.027( 15,  1,  9)  0.003( 15,  1,  9)
      MAX DP =  148.90(  1,  1,  1)

 IT= 0   CNV      CELL     MAT BAL   DPRESS    DSWAT
 OIL 0.08078( 15,  1,  9)  9.6D-04     0.00  0.00000
 WAT-0.03673(  1,  1,  1) -1.0D-03     0.00  0.00000

       LINIT= 2 NSCHP=    2 NCHOP=    0 NSTAT1,2,3=    0  135    0 NTRAN=    0
 IT= 1   CNV      CELL     MAT BAL   DPRESS    DSWAT
 OIL 0.00054(  1,  1,  4) -2.5D-07   287.54  0.00026
 WAT 0.00062(  1,  1,  6) -6.8D-07   289.74  0.00507

       LINIT= 1 NSCHP=    0 NCHOP=    0 NSTAT1,2,3=    0  135    0 NTRAN=    0
 IT= 2   CNV      CELL     MAT BAL   DPRESS    DSWAT
 OIL 0.00000(  2,  1,  4) -1.3D-12   242.49 -0.00027
 WAT-0.00001(  1,  1,  5)  8.9D-13   288.60  0.02770

 STEP    3 TIME=   13.00  DAYS (  +9.0  DAYS MAXF  2 ITS) (14-JAN-1983)
  PAV=  4183.8  PSIA   WCT=0.000 GOR= 0.00000  MSCF/STB WGR= 0.00000  STB/MSCF

      PR.RATE   PR.TOTAL  IN.RATE   IN.TOTAL  MAX SATURN CHANGE   MAX TIME TRNC ERR

 OIL    2999.     38984.       0.         0. -0.071( 15,  1,  9) -0.013( 15,  1,  8)
 WAT       1.        16.    2800.     36400.  0.071( 15,  1,  9)  0.013( 15,  1,  8)
      MAX DP =  292.01(  1,  1,  9)

 IT= 0   CNV      CELL     MAT BAL   DPRESS    DSWAT
 OIL 0.19402( 15,  1,  9)  2.6D-03     0.00  0.00000
 WAT-0.08980(  1,  1,  1) -2.5D-03     0.00  0.00000

       LINIT= 2 NSCHP=    8 NCHOP=    0 NSTAT1,2,3=    0  135    0 NTRAN=    0
 IT= 1   CNV      CELL     MAT BAL   DPRESS    DSWAT
 OIL 0.00566( 15,  1,  9)  8.3D-05   -61.07  0.12292
 WAT-0.00890( 15,  1,  9) -8.8D-05   -61.07  0.12292

       LINIT= 1 NSCHP=    0 NCHOP=    0 NSTAT1,2,3=    0  135    0 NTRAN=    0
 IT= 2   CNV      CELL     MAT BAL   DPRESS    DSWAT
 OIL 0.00003( 15,  1,  8) -1.3D-09   -57.65  0.08369
 WAT-0.00006(  1,  1,  5)  5.8D-10   510.59  0.06500

 STEP    4 TIME=   37.55  DAYS ( +24.5  DAYS TRNC  2 ITS) (7-FEB-1983)
  PAV=  4363.8  PSIA   WCT=0.001 GOR= 0.00000  MSCF/STB WGR= 0.00000  STB/MSCF

      PR.RATE   PR.TOTAL  IN.RATE   IN.TOTAL  MAX SATURN CHANGE   MAX TIME TRNC ERR

 OIL    2997.    112551.       0.         0. -0.128( 15,  1,  9)  0.065( 15,  1,  9)
 WAT       3.        95.    2800.    105136.  0.128( 15,  1,  9) -0.065( 15,  1,  9)
      MAX DP =  513.94(  1,  1,  9)

 IT= 0   CNV      CELL     MAT BAL   DPRESS    DSWAT
 OIL 0.15845( 15,  1,  9)  3.2D-03     0.00  0.00000
 WAT 0.14180( 15,  1,  9) -3.1D-03     0.00  0.00000

       LINIT= 2 NSCHP=    7 NCHOP=    0 NSTAT1,2,3=    0  135    0 NTRAN=    0
 IT= 1   CNV      CELL     MAT BAL   DPRESS    DSWAT
 OIL 0.00569( 15,  1,  9)  5.2D-05   -69.07  0.09551
 WAT-0.04387( 15,  1,  8) -5.8D-05   -65.23  0.09400

       LINIT= 1 NSCHP=    0 NCHOP=    0 NSTAT1,2,3=    0  135    0 NTRAN=    0
 IT= 2   CNV      CELL     MAT BAL   DPRESS    DSWAT
 OIL-0.00009( 15,  1,  9) -1.6D-09   -69.22  0.09328
 WAT-0.00045( 15,  1,  8)  6.4D-10   -63.21  0.10075

 STEP    5 TIME=   67.90  DAYS ( +30.4  DAYS TRNC  2 ITS) (9-MAR-1983)
  PAV=  4567.1  PSIA   WCT=0.004 GOR= 0.00000  MSCF/STB WGR= 0.00000  STB/MSCF

      PR.RATE   PR.TOTAL  IN.RATE   IN.TOTAL  MAX SATURN CHANGE   MAX TIME TRNC ERR

 OIL    2987.    203200.       0.         0. -0.101( 15,  1,  8)  0.065( 15,  1,  9)
 WAT      13.       500.    2800.    190120.  0.101( 15,  1,  8) -0.065( 15,  1,  9)
      MAX DP =  464.31(  1,  1,  9)

 IT= 0   CNV      CELL     MAT BAL   DPRESS    DSWAT
 OIL 0.12480( 15,  1,  8)  4.0D-03     0.00  0.00000
 WAT 0.22430( 15,  1,  9) -3.8D-03     0.00  0.00000

       LINIT= 2 NSCHP=    8 NCHOP=    0 NSTAT1,2,3=    0  135    0 NTRAN=    0
 IT= 1   CNV      CELL     MAT BAL   DPRESS    DSWAT
 OIL 0.00702( 15,  1,  9)  5.1D-05   -74.48  0.05389
 WAT 0.05196( 15,  1,  8) -5.8D-05   -66.91  0.09853

       LINIT= 1 NSCHP=    0 NCHOP=    0 NSTAT1,2,3=    0  135    0 NTRAN=    0
 IT= 2   CNV      CELL     MAT BAL   DPRESS    DSWAT
 OIL 0.00025( 15,  1,  8) -2.7D-10   -68.00  0.09512
 WAT-0.00132( 15,  1,  8) -9.7D-10   -68.00  0.09512

 STEP    6 TIME=  105.54  DAYS ( +37.6  DAYS TRNC  2 ITS) (16-APR-1983)
  PAV=  4785.3  PSIA   WCT=0.015 GOR= 0.00000  MSCF/STB WGR= 0.00000  STB/MSCF

      PR.RATE   PR.TOTAL  IN.RATE   IN.TOTAL  MAX SATURN CHANGE   MAX TIME TRNC ERR

 OIL    2956.    314452.       0.         0. -0.095( 15,  1,  8)  0.053( 15,  1,  9)
 WAT      44.      2162.    2800.    295506.  0.095( 15,  1,  8) -0.053( 15,  1,  9)
      MAX DP =  437.57(  1,  1,  9)

 IT= 0   CNV      CELL     MAT BAL   DPRESS    DSWAT
 OIL 0.13074( 15,  1,  8)  5.4D-03     0.00  0.00000
 WAT 0.31984( 15,  1,  9) -5.2D-03     0.00  0.00000

       LINIT= 2 NSCHP=    8 NCHOP=    0 NSTAT1,2,3=    0  135    0 NTRAN=    0
 IT= 1   CNV      CELL     MAT BAL   DPRESS    DSWAT
 OIL-0.00823( 15,  1,  4)  1.2D-04   -67.46  0.03234
 WAT 0.04829( 15,  1,  7) -1.3D-04   -75.01  0.08301

       LINIT= 3 NSCHP=    1 NCHOP=    0 NSTAT1,2,3=    0  135    0 NTRAN=    0
 IT= 2   CNV      CELL     MAT BAL   DPRESS    DSWAT
 OIL 0.00098(  1,  1,  6)  3.3D-06   443.34  0.05206
 WAT 0.00272( 15,  1,  8) -3.3D-06   -78.41  0.06631

       LINIT= 2 NSCHP=    0 NCHOP=    0 NSTAT1,2,3=    0  135    0 NTRAN=    0
 IT= 3   CNV      CELL     MAT BAL   DPRESS    DSWAT
 OIL 0.00000( 15,  1,  7) -1.2D-12   -75.87  0.08185
 WAT-0.00001(  1,  1,  1)  4.3D-13   437.45  0.05687

 STEP    7 TIME=  157.44  DAYS ( +51.9  DAYS TRNC  3 ITS) (7-JUN-1983)
  PAV=  5025.1  PSIA   WCT=0.038 GOR= 0.00000  MSCF/STB WGR= 0.00000  STB/MSCF

      PR.RATE   PR.TOTAL  IN.RATE   IN.TOTAL  MAX SATURN CHANGE   MAX TIME TRNC ERR

 OIL    2887.    464292.       0.         0. -0.084(  1,  1,  5)  0.065( 15,  1,  8)
 WAT     113.      8019.    2800.    440823.  0.084(  1,  1,  5) -0.065( 15,  1,  8)
      MAX DP =  446.39(  2,  1,  9)

 IT= 0   CNV      CELL     MAT BAL   DPRESS    DSWAT
 OIL 0.10231(  1,  1,  5)  6.5D-03     0.00  0.00000
 WAT 0.34310( 15,  1,  9) -6.3D-03     0.00  0.00000

       LINIT= 3 NSCHP=    9 NCHOP=    0 NSTAT1,2,3=    0  135    0 NTRAN=    0
 IT= 1   CNV      CELL     MAT BAL   DPRESS    DSWAT
 OIL-0.00939( 15,  1,  4)  8.4D-05   -66.18  0.02499
 WAT 0.02370(  1,  1,  6) -9.7D-05   386.17  0.06359

       LINIT= 2 NSCHP=    1 NCHOP=    0 NSTAT1,2,3=    0  135    0 NTRAN=    0
 IT= 2   CNV      CELL     MAT BAL   DPRESS    DSWAT
 OIL 0.00062( 11,  1,  4)  3.7D-06   129.89  0.00039
 WAT-0.00062( 11,  1,  4) -3.7D-06   129.89  0.00039

       LINIT= 1 NSCHP=    0 NCHOP=    0 NSTAT1,2,3=    0  135    0 NTRAN=    0
 IT= 3   CNV      CELL     MAT BAL   DPRESS    DSWAT
 OIL 0.00000( 11,  1,  4)  1.8D-13   129.88  0.00058
 WAT 0.00008(  1,  1,  1)  5.1D-11   383.22  0.04070

 STEP    8 TIME=  221.61  DAYS ( +64.2  DAYS TRNC  3 ITS) (10-AUG-1983)
  PAV=  5244.8  PSIA   WCT=0.067 GOR= 0.00000  MSCF/STB WGR= 0.00000  STB/MSCF

      PR.RATE   PR.TOTAL  IN.RATE   IN.TOTAL  MAX SATURN CHANGE   MAX TIME TRNC ERR

 OIL    2798.    643832.       0.         0. -0.074(  1,  1,  4)  0.039(  1,  1,  5)
 WAT     202.     20999.    2800.    620509.  0.074(  1,  1,  4) -0.039(  1,  1,  5)
      MAX DP =  397.72(  2,  1,  9)

 IT= 0   CNV      CELL     MAT BAL   DPRESS    DSWAT
 OIL 0.11431(  1,  1,  4)  1.0D-02     0.00  0.00000
 WAT 0.43231( 15,  1,  9) -9.7D-03     0.00  0.00000

       LINIT= 3 NSCHP=   11 NCHOP=    0 NSTAT1,2,3=    0  135    0 NTRAN=    0
 IT= 1   CNV      CELL     MAT BAL   DPRESS    DSWAT
 OIL-0.01607( 15,  1,  4)  4.7D-04   -69.73  0.01377
 WAT-0.12015(  1,  1,  3) -4.9D-04   374.24  0.03245

       LINIT= 3 NSCHP=    6 NCHOP=    0 NSTAT1,2,3=    0  135    0 NTRAN=    0
 IT= 2   CNV      CELL     MAT BAL   DPRESS    DSWAT
 OIL 0.00332( 13,  1,  4)  6.4D-05    36.08  0.00005
 WAT-0.00419(  1,  1,  3) -6.4D-05   374.44  0.04262

       LINIT= 2 NSCHP=    2 NCHOP=    0 NSTAT1,2,3=    0  135    0 NTRAN=    0
 IT= 3   CNV      CELL     MAT BAL   DPRESS    DSWAT
 OIL 0.00062( 13,  1,  5)  6.1D-06    35.97  0.00002
 WAT-0.00063( 13,  1,  5) -6.1D-06    35.97  0.00002

       LINIT= 1 NSCHP=    1 NCHOP=    0 NSTAT1,2,3=    0  135    0 NTRAN=    0
 IT= 4   CNV      CELL     MAT BAL   DPRESS    DSWAT
 OIL 0.00024( 13,  1,  6)  1.2D-06    35.99  0.00003
 WAT-0.00023( 13,  1,  6) -1.3D-06    35.99  0.00003

       LINIT= 1 NSCHP=    0 NCHOP=    0 NSTAT1,2,3=    0  135    0 NTRAN=    0
 IT= 5   CNV      CELL     MAT BAL   DPRESS    DSWAT
 OIL 0.00000( 13,  1,  4)  2.1D-14    35.95  0.00074
 WAT 0.00000(  1,  1,  1) -7.9D-15   371.14  0.03676

 STEP    9 TIME=  324.05  DAYS (+102.4  DAYS TRNC  5 ITS) (21-NOV-1983)
  PAV=  5461.0  PSIA   WCT=0.097 GOR= 0.00000  MSCF/STB WGR= 0.00000  STB/MSCF

      PR.RATE   PR.TOTAL  IN.RATE   IN.TOTAL  MAX SATURN CHANGE   MAX TIME TRNC ERR

 OIL    2710.    921476.       0.         0. -0.100(  1,  1,  4)  0.061( 15,  1,  7)
 WAT     290.     50668.    2800.    907334.  0.100(  1,  1,  4) -0.061( 15,  1,  7)
      MAX DP =  388.43(  2,  1,  9)

 IT= 0   CNV      CELL     MAT BAL   DPRESS    DSWAT
 OIL 0.12716(  1,  1,  4)  1.2D-02     0.00  0.00000
 WAT 0.37276( 15,  1,  9) -1.2D-02     0.00  0.00000

       LINIT= 3 NSCHP=   13 NCHOP=    0 NSTAT1,2,3=    0  135    0 NTRAN=    0
 IT= 1   CNV      CELL     MAT BAL   DPRESS    DSWAT
 OIL 0.01412(  7,  1,  8)  5.4D-04   227.28  0.00005
 WAT-0.38368(  2,  1,  4) -5.6D-04   261.40  0.07240

       LINIT= 2 NSCHP=    7 NCHOP=    0 NSTAT1,2,3=    0  135    0 NTRAN=    0
 IT= 2   CNV      CELL     MAT BAL   DPRESS    DSWAT
 OIL-0.00351(  1,  1,  4)  3.9D-05   228.85  0.06866
 WAT 0.01925(  1,  1,  4) -3.9D-05   228.85  0.06866

       LINIT= 2 NSCHP=    0 NCHOP=    0 NSTAT1,2,3=    0  135    0 NTRAN=    0
 IT= 3   CNV      CELL     MAT BAL   DPRESS    DSWAT
 OIL 0.00001(  2,  1,  4) -1.2D-10   259.46  0.08984
 WAT-0.00005(  2,  1,  4)  1.1D-09   259.46  0.08984

 STEP   10 TIME=  455.24  DAYS (+131.2  DAYS TRNC  3 ITS) (31-MAR-1984)
  PAV=  5603.5  PSIA   WCT=0.104 GOR= 0.00000  MSCF/STB WGR= 0.00000  STB/MSCF

      PR.RATE   PR.TOTAL  IN.RATE   IN.TOTAL  MAX SATURN CHANGE   MAX TIME TRNC ERR

 OIL    2687.   1273951.       0.         0. -0.090(  2,  1,  4)  0.062(  1,  1,  4)
 WAT     313.     91761.    2800.   1274665.  0.090(  2,  1,  4) -0.062(  1,  1,  4)
      MAX DP =  266.16(  3,  1,  9)

 IT= 0   CNV      CELL     MAT BAL   DPRESS    DSWAT
 OIL 0.11414(  2,  1,  4)  1.6D-02     0.00  0.00000
 WAT 0.28394( 15,  1,  9) -1.5D-02     0.00  0.00000

       LINIT= 3 NSCHP=    6 NCHOP=    0 NSTAT1,2,3=    0  135    0 NTRAN=    0
 IT= 1   CNV      CELL     MAT BAL   DPRESS    DSWAT
 OIL 0.01136(  3,  1,  4)  1.7D-04   138.67  0.06321
 WAT 0.31673(  2,  1,  4) -1.8D-04   132.09  0.07908

       LINIT= 2 NSCHP=    0 NCHOP=    0 NSTAT1,2,3=    0  135    0 NTRAN=    0
 IT= 2   CNV      CELL     MAT BAL   DPRESS    DSWAT
 OIL-0.00179(  2,  1,  4) -2.0D-08   120.91  0.06541
 WAT 0.00920(  2,  1,  4)  9.4D-09   120.91  0.06541

       LINIT= 1 NSCHP=    0 NCHOP=    0 NSTAT1,2,3=    0  135    0 NTRAN=    0
 IT= 3   CNV      CELL     MAT BAL   DPRESS    DSWAT
 OIL-0.00004(  2,  1,  4) -5.1D-12   120.80  0.06472
 WAT 0.00002(  2,  1,  4)  2.9D-11   120.80  0.06472

 STEP   11 TIME=  622.30  DAYS (+167.1  DAYS TRNC  3 ITS) (14-SEP-1984)
  PAV=  5669.0  PSIA   WCT=0.094 GOR= 0.00000  MSCF/STB WGR= 0.00000  STB/MSCF

      PR.RATE   PR.TOTAL  IN.RATE   IN.TOTAL  MAX SATURN CHANGE   MAX TIME TRNC ERR

 OIL    2717.   1727902.       0.         0. -0.086(  3,  1,  5)  0.050(  2,  1,  4)
 WAT     283.    138998.    2800.   1742440.  0.086(  3,  1,  5) -0.050(  2,  1,  4)
      MAX DP =  146.17(  5,  1,  9)

 IT= 0   CNV      CELL     MAT BAL   DPRESS    DSWAT
 OIL 0.09802(  3,  1,  5)  1.8D-02     0.00  0.00000
 WAT 0.16940( 15,  1,  9) -1.7D-02     0.00  0.00000

       LINIT= 3 NSCHP=    1 NCHOP=    0 NSTAT1,2,3=    0  135    0 NTRAN=    0
 IT= 1   CNV      CELL     MAT BAL   DPRESS    DSWAT
 OIL 0.01069(  4,  1,  4)  2.2D-05    41.29  0.04935
 WAT-0.03831(  2,  1,  4) -2.7D-05    14.20  0.02928

       LINIT= 2 NSCHP=    1 NCHOP=    0 NSTAT1,2,3=    0  135    0 NTRAN=    0
 IT= 2   CNV      CELL     MAT BAL   DPRESS    DSWAT
 OIL 0.00069(  7,  1,  3)  5.0D-06    53.05  0.00178
 WAT-0.00067(  7,  1,  3) -5.0D-06    53.05  0.00178

       LINIT= 1 NSCHP=    0 NCHOP=    0 NSTAT1,2,3=    0  135    0 NTRAN=    0
 IT= 3   CNV      CELL     MAT BAL   DPRESS    DSWAT
 OIL-0.00002(  3,  1,  4)  1.2D-12    33.54  0.06304
 WAT 0.00001(  2,  1,  4)  3.3D-12    11.82  0.03389

 STEP   12 TIME=  811.15  DAYS (+188.8  DAYS HALF  3 ITS) (22-MAR-1985)
  PAV=  5671.8  PSIA   WCT=0.080 GOR= 0.00000  MSCF/STB WGR= 0.00000  STB/MSCF

      PR.RATE   PR.TOTAL  IN.RATE   IN.TOTAL  MAX SATURN CHANGE   MAX TIME TRNC ERR

 OIL    2759.   2248856.       0.         0. -0.082(  3,  1,  5)  0.039(  2,  1,  4)
 WAT     241.    184594.    2800.   2271220.  0.082(  3,  1,  5) -0.039(  2,  1,  4)
      MAX DP =   54.42(  7,  1,  9)

 IT= 0   CNV      CELL     MAT BAL   DPRESS    DSWAT
 OIL 0.08300(  3,  1,  5)  1.8D-02     0.00  0.00000
 WAT 0.08425( 15,  1,  9) -1.7D-02     0.00  0.00000

       LINIT= 3 NSCHP=    1 NCHOP=    0 NSTAT1,2,3=    0  135    0 NTRAN=    0
 IT= 1   CNV      CELL     MAT BAL   DPRESS    DSWAT
 OIL 0.00860(  4,  1,  4)  4.7D-06   -16.43  0.03946
 WAT 0.30812(  3,  1,  4) -3.3D-06   -23.17  0.04244

       LINIT= 2 NSCHP=    0 NCHOP=    0 NSTAT1,2,3=    0  135    0 NTRAN=    0
 IT= 2   CNV      CELL     MAT BAL   DPRESS    DSWAT
 OIL 0.00190(  4,  1,  4) -1.8D-08   -21.21  0.03855
 WAT 0.01023(  3,  1,  4)  8.0D-09   -36.79  0.03015

       LINIT= 1 NSCHP=    0 NCHOP=    0 NSTAT1,2,3=    0  135    0 NTRAN=    0
 IT= 3   CNV      CELL     MAT BAL   DPRESS    DSWAT
 OIL-0.00005(  3,  1,  4) -4.7D-12   -36.91  0.02960
 WAT 0.00003(  2,  1,  4)  4.4D-12   -49.32  0.02375

 STEP   13 TIME= 1000.00  DAYS (+188.8  DAYS REPT  3 ITS) (27-SEP-1985)
  PAV=  5641.7  PSIA   WCT=0.072 GOR= 0.00000  MSCF/STB WGR= 0.00000  STB/MSCF

      PR.RATE   PR.TOTAL  IN.RATE   IN.TOTAL  MAX SATURN CHANGE   MAX TIME TRNC ERR

 OIL    2785.   2774730.       0.         0. -0.066(  6,  1,  5)  0.033(  3,  1,  4)
 WAT     215.    225270.    2800.   2800000.  0.066(  6,  1,  5) -0.033(  3,  1,  4)
      MAX DP =  -56.33(  1,  1,  1)

 @--MESSAGE  AT TIME     1000.0   DAYS    (27-SEP-1985):
 @           RESTART FILE WRITTEN   REPORT     1
 @           RESTART INCLUDES FLUIDS IN PLACE
 =======================================================
 TIMING REPORTS AT CPU=     0 SECS - ELAPSED=     0 SECS
 =======================================================
 ZZSS    1 18 18
                RR      1  9  9
 SR      1 18 18
                LC      1  9  9
 TS      1 46 46
                NX     13 27 27
                               WC     47  9  9
                               AC     47  0  0
                               LMRS   47  0  0
                               CONV   47 19 19
                               LMJC   34  0  0
                               LXX    34  0  0
                                              WGIN   34  0  0
                                              GINV   34  0  0
                                                             GINV  203  0  0
                                              WRES   34  0  0
                                              ITER   34  0  0
                                                             NORM   97  0  0
                                                             SRCH   63  0  0
                                                             WADX   63  0  0
                                                             ORTH   63  0  0
                                                             UPDA   63  0  0
                                              WSOL   34  0  0
                               XUIT   34  0  0
                               LC     34  0  0
                TTRC   13  0  0
                               TPRP   13  0  0
                               TSOL  169  0  0
                                              TMAT  338  0  0
                                              TLIN  169  0  0
                                                             WGIN  169  0  0
                                                                            GINV  169  0  0
                                                             WRES  169  0  0
                                                             ITER  169  0  0
                                                                            NORM  338  0  0
                                                                            SRCH  169  0  0
                                                                            WADX  169  0  0
                                                                            ORTH  169  0  0
                                                                            UPDA  169  0  0
                                                             WSOL  169  0  0
 WWX     1  0  0
 AWX     1  0  0
 FWXR    1  9  9
 XW      1  0  0
 YW      1  0  0

 IT= 0   CNV      CELL     MAT BAL   DPRESS    DSWAT
 OIL 0.11598(  1,  1,  9)  3.2D-02     0.00  0.00000
 WAT-0.11429(  6,  1,  5) -3.1D-02     0.00  0.00000

       LINIT= 4 NSCHP=    1 NCHOP=    0 NSTAT1,2,3=    0  135    0 NTRAN=    0
 IT= 1   CNV      CELL     MAT BAL   DPRESS    DSWAT
 OIL 0.03461(  6,  1,  4)  3.1D-05   -54.16  0.04800
 WAT-0.14108(  1,  1,  4) -1.8D-05  -128.74  0.01999

       LINIT= 3 NSCHP=    0 NCHOP=    0 NSTAT1,2,3=    0  135    0 NTRAN=    0
 IT= 2   CNV      CELL     MAT BAL   DPRESS    DSWAT
 OIL 0.00221(  6,  1,  4) -4.2D-09   -59.81  0.05392
 WAT-0.00491(  6,  1,  6) -9.1D-09   -58.91  0.05415

       LINIT= 1 NSCHP=    0 NCHOP=    0 NSTAT1,2,3=    0  135    0 NTRAN=    0
 IT= 3   CNV      CELL     MAT BAL   DPRESS    DSWAT
 OIL-0.00003(  3,  1,  4)  1.8D-12  -120.31  0.02472
 WAT-0.00003(  6,  1,  4) -6.4D-12   -59.86  0.05403

 STEP   14 TIME= 1326.57  DAYS (+326.6  DAYS TRNC  3 ITS) (19-AUG-1986)
  PAV=  5562.8  PSIA   WCT=0.071 GOR= 0.00000  MSCF/STB WGR= 0.00000  STB/MSCF

      PR.RATE   PR.TOTAL  IN.RATE   IN.TOTAL  MAX SATURN CHANGE   MAX TIME TRNC ERR

 OIL    2787.   3684720.       0.         0. -0.111(  2,  1,  9)  0.046(  5,  1,  5)
 WAT     213.    294978.    2800.   3714385.  0.111(  2,  1,  9) -0.046(  5,  1,  5)
      MAX DP = -141.20(  1,  1,  1)

 IT= 0   CNV      CELL     MAT BAL   DPRESS    DSWAT
 OIL 0.11773(  2,  1,  9)  3.3D-02     0.00  0.00000
 WAT-0.11457(  2,  1,  9) -3.2D-02     0.00  0.00000

       LINIT= 4 NSCHP=    1 NCHOP=    0 NSTAT1,2,3=    0  135    0 NTRAN=    0
 IT= 1   CNV      CELL     MAT BAL   DPRESS    DSWAT
 OIL 0.02926(  3,  1,  7)  4.3D-05  -123.77  0.02352
 WAT 0.12146(  3,  1,  8) -2.6D-05  -123.22  0.11546

       LINIT= 2 NSCHP=    0 NCHOP=    0 NSTAT1,2,3=    0  135    0 NTRAN=    0
 IT= 2   CNV      CELL     MAT BAL   DPRESS    DSWAT
 OIL-0.00114(  3,  1,  8)  1.4D-09  -132.69  0.09604
 WAT 0.00332(  3,  1,  8) -8.3D-09  -132.69  0.09604

       LINIT= 1 NSCHP=    0 NCHOP=    0 NSTAT1,2,3=    0  135    0 NTRAN=    0
 IT= 3   CNV      CELL     MAT BAL   DPRESS    DSWAT
 OIL-0.00001(  3,  1,  6)  7.2D-13  -133.26  0.02057
 WAT-0.00002(  3,  1,  4) -2.2D-12  -133.56  0.01689

 STEP   15 TIME= 1663.28  DAYS (+336.7  DAYS HALF  3 ITS) (22-JLY-1987)
  PAV=  5477.8  PSIA   WCT=0.080 GOR= 0.00000  MSCF/STB WGR= 0.00000  STB/MSCF

      PR.RATE   PR.TOTAL  IN.RATE   IN.TOTAL  MAX SATURN CHANGE   MAX TIME TRNC ERR

 OIL    2761.   4614369.       0.         0. -0.108(  3,  1,  9)  0.041(  7,  1,  5)
 WAT     239.    375480.    2800.   4657193.  0.108(  3,  1,  9) -0.041(  7,  1,  5)
      MAX DP = -149.39(  1,  1,  1)

 IT= 0   CNV      CELL     MAT BAL   DPRESS    DSWAT
 OIL 0.11133(  3,  1,  9)  3.2D-02     0.00  0.00000
 WAT-0.10848(  3,  1,  9) -3.1D-02     0.00  0.00000

       LINIT= 3 NSCHP=    0 NCHOP=    0 NSTAT1,2,3=    0  135    0 NTRAN=    0
 IT= 1   CNV      CELL     MAT BAL   DPRESS    DSWAT
 OIL 0.05351(  6,  1,  7)  3.1D-05   -75.99  0.02566
 WAT 0.37163(  6,  1,  4) -1.5D-05   -77.15  0.02485

       LINIT= 2 NSCHP=    0 NCHOP=    0 NSTAT1,2,3=    0  135    0 NTRAN=    0
 IT= 2   CNV      CELL     MAT BAL   DPRESS    DSWAT
 OIL-0.01172(  6,  1,  8) -1.1D-07   -98.95  0.09393
 WAT 0.03294(  9,  1,  8)  5.1D-08   -46.34  0.11803

       LINIT= 2 NSCHP=    0 NCHOP=    0 NSTAT1,2,3=    0  135    0 NTRAN=    0
 IT= 3   CNV      CELL     MAT BAL   DPRESS    DSWAT
 OIL-0.00010(  9,  1,  8) -2.8D-10   -46.90  0.11280
 WAT 0.00015(  9,  1,  8)  1.2D-10   -46.90  0.11280

 STEP   16 TIME= 2000.00  DAYS (+336.7  DAYS REPT  3 ITS) (23-JUN-1988)
  PAV=  5393.0  PSIA   WCT=0.093 GOR= 0.00000  MSCF/STB WGR= 0.00000  STB/MSCF

      PR.RATE   PR.TOTAL  IN.RATE   IN.TOTAL  MAX SATURN CHANGE   MAX TIME TRNC ERR

 OIL    2720.   5530272.       0.         0. -0.113(  9,  1,  8) -0.037(  9,  1,  8)
 WAT     280.    469728.    2800.   5600000.  0.113(  9,  1,  8)  0.037(  9,  1,  8)
      MAX DP = -155.67(  1,  1,  1)

 @--MESSAGE  AT TIME     2000.0   DAYS    (23-JUN-1988):
 @           RESTART FILE WRITTEN   REPORT     2
 @           RESTART INCLUDES FLUIDS IN PLACE
 =======================================================
 TIMING REPORTS AT CPU=     0 SECS - ELAPSED=     0 SECS
 =======================================================
 ZZSS    1 15 15
                RR      1  8  8
 SR      1 15 15
                LC      1  8  8
 TS      2 46 46
                NX     16 23 23
                               WC     59  7  7
                               AC     59  0  0
                               LMRS   59  0  0
                               CONV   59 16 16
                               LMJC   43  0  0
                               LXX    43  0  0
                                              WGIN   43  0  0
                                              GINV   43  0  0
                                                             GINV  251  0  0
                                              WRES   43  0  0
                                              ITER   43  0  0
                                                             NORM  128  0  0
                                                             SRCH   85  0  0
                                                             WADX   85  0  0
                                                             ORTH   85  0  0
                                                             UPDA   85  0  0
                                              WSOL   43  0  0
                               XUIT   43  0  0
                               LC     43  0  0
                TTRC   16  0  0
                               TPRP   16  0  0
                               TSOL  208  0  0
                                              TMAT  416  0  0
                                              TLIN  208  0  0
                                                             WGIN  208  0  0
                                                                            GINV  208  0  0
                                                             WRES  208  0  0
                                                             ITER  208  0  0
                                                                            NORM  416  0  0
                                                                            SRCH  208  0  0
                                                                            WADX  208  0  0
                                                                            ORTH  208  0  0
                                                                            UPDA  208  0  0
                                                             WSOL  208  0  0
 WWX     2  0  0
 AWX     2  0  0
 FWXR    2 15 15
 XW      2  0  0
 YW      2  0  0

 IT= 0   CNV      CELL     MAT BAL   DPRESS    DSWAT
 OIL 0.12274(  9,  1,  8)  3.5D-02     0.00  0.00000
 WAT-0.12177(  9,  1,  8) -3.3D-02     0.00  0.00000

       LINIT= 3 NSCHP=    1 NCHOP=    0 NSTAT1,2,3=    0  135    0 NTRAN=    0
 IT= 1   CNV      CELL     MAT BAL   DPRESS    DSWAT
 OIL-0.09810( 10,  1,  8)  4.3D-05   -40.31  0.18062
 WAT 0.31698( 10,  1,  8) -2.4D-05   -40.31  0.18062

       LINIT= 2 NSCHP=    0 NCHOP=    0 NSTAT1,2,3=    0  135    0 NTRAN=    0
 IT= 2   CNV      CELL     MAT BAL   DPRESS    DSWAT
 OIL-0.01497( 10,  1,  8) -1.3D-07   -58.22  0.12702
 WAT 0.01638( 12,  1,  8)  6.1D-08   -23.42  0.13944

       LINIT= 2 NSCHP=    0 NCHOP=    0 NSTAT1,2,3=    0  135    0 NTRAN=    0
 IT= 3   CNV      CELL     MAT BAL   DPRESS    DSWAT
 OIL 0.00008( 10,  1,  8) -5.1D-11   -58.55  0.12534
 WAT-0.00014( 10,  1,  7) -5.1D-11   -59.29  0.03710

 STEP   17 TIME= 2365.00  DAYS (+365.0  DAYS MAXS  3 ITS) (23-JUN-1989)
  PAV=  5296.6  PSIA   WCT=0.111 GOR= 0.00000  MSCF/STB WGR= 0.00000  STB/MSCF

      PR.RATE   PR.TOTAL  IN.RATE   IN.TOTAL  MAX SATURN CHANGE   MAX TIME TRNC ERR

 OIL    2668.   6504224.       0.         0. -0.137( 12,  1,  8) -0.068( 12,  1,  8)
 WAT     332.    590776.    2800.   6622000.  0.137( 12,  1,  8)  0.068( 12,  1,  8)
      MAX DP = -175.41(  1,  1,  1)

 IT= 0   CNV      CELL     MAT BAL   DPRESS    DSWAT
 OIL 0.11789( 12,  1,  8)  3.0D-02     0.00  0.00000
 WAT-0.11801( 12,  1,  8) -2.8D-02     0.00  0.00000

       LINIT= 4 NSCHP=    1 NCHOP=    0 NSTAT1,2,3=    0  135    0 NTRAN=    0
 IT= 1   CNV      CELL     MAT BAL   DPRESS    DSWAT
 OIL 0.07116( 13,  1,  7)  3.7D-05   -17.77  0.01363
 WAT-0.21189( 14,  1,  8) -2.0D-05    -8.94  0.11249

       LINIT= 2 NSCHP=    0 NCHOP=    0 NSTAT1,2,3=    0  135    0 NTRAN=    0
 IT= 2   CNV      CELL     MAT BAL   DPRESS    DSWAT
 OIL-0.00390( 13,  1,  8)  1.7D-07   -25.96  0.13120
 WAT 0.00553( 14,  1,  8) -2.1D-07   -11.43  0.13766

       LINIT= 1 NSCHP=    0 NCHOP=    0 NSTAT1,2,3=    0  135    0 NTRAN=    0
 IT= 3   CNV      CELL     MAT BAL   DPRESS    DSWAT
 OIL 0.00006( 13,  1,  4)  1.1D-10   -27.90  0.00356
 WAT 0.00002(  3,  1,  8) -1.8D-10  -150.12  0.03805

 STEP   18 TIME= 2682.50  DAYS (+317.5  DAYS HALF  3 ITS) (6-MAY-1990)
  PAV=  5205.3  PSIA   WCT=0.132 GOR= 0.00000  MSCF/STB WGR= 0.00000  STB/MSCF

      PR.RATE   PR.TOTAL  IN.RATE   IN.TOTAL  MAX SATURN CHANGE   MAX TIME TRNC ERR

 OIL    2604.   7330963.       0.         0. -0.138( 14,  1,  8) -0.078( 14,  1,  8)
 WAT     396.    716537.    2800.   7511000.  0.138( 14,  1,  8)  0.078( 14,  1,  8)
      MAX DP = -158.16(  1,  1,  1)

 IT= 0   CNV      CELL     MAT BAL   DPRESS    DSWAT
 OIL 0.13524( 14,  1,  8)  2.9D-02     0.00  0.00000
 WAT-0.13618( 14,  1,  8) -2.8D-02     0.00  0.00000

       LINIT= 4 NSCHP=    0 NCHOP=    0 NSTAT1,2,3=    0  135    0 NTRAN=    0
 IT= 1   CNV      CELL     MAT BAL   DPRESS    DSWAT
 OIL-0.03085( 15,  1,  6)  5.5D-05    -6.96  0.09352
 WAT 0.29502( 15,  1,  6) -3.8D-05    -6.96  0.09352

       LINIT= 2 NSCHP=    0 NCHOP=    0 NSTAT1,2,3=    0  135    0 NTRAN=    0
 IT= 2   CNV      CELL     MAT BAL   DPRESS    DSWAT
 OIL-0.00480( 15,  1,  6)  9.8D-08    -7.60  0.06978
 WAT 0.06171(  5,  1,  8) -1.1D-07  -140.82  0.03124

       LINIT= 2 NSCHP=    0 NCHOP=    0 NSTAT1,2,3=    0  135    0 NTRAN=    0
 IT= 3   CNV      CELL     MAT BAL   DPRESS    DSWAT
 OIL-0.00006(  5,  1,  8)  5.6D-10  -141.07  0.03025
 WAT-0.00025(  5,  1,  8) -9.5D-10  -141.07  0.03025

 STEP   19 TIME= 3000.00  DAYS (+317.5  DAYS REPT  3 ITS) (20-MAR-1991)
  PAV=  5109.6  PSIA   WCT=0.177 GOR= 0.00000  MSCF/STB WGR= 0.00000  STB/MSCF

      PR.RATE   PR.TOTAL  IN.RATE   IN.TOTAL  MAX SATURN CHANGE   MAX TIME TRNC ERR

 OIL    2470.   8115178.       0.         0. -0.119( 14,  1,  8) -0.035( 11,  1,  7)
 WAT     530.    884822.    2800.   8400000.  0.119( 14,  1,  8)  0.035( 11,  1,  7)
      MAX DP = -165.61(  1,  1,  1)

 @--MESSAGE  AT TIME     3000.0   DAYS    (20-MAR-1991):
 @           RESTART FILE WRITTEN   REPORT     3
 @           RESTART INCLUDES FLUIDS IN PLACE
 =======================================================
 TIMING REPORTS AT CPU=     0 SECS - ELAPSED=     0 SECS
 =======================================================
 ZZSS    1 12 12
                RR      1  6  6
 SR      1 12 12
                LC      1  6  6
 TS      3 50 50
                NX     19 25 25
                               WC     71  6  6
                               AC     71  0  0
                               LMRS   71  0  0
                               CONV   71 19 19
                               LMJC   52  0  0
                               LXX    52  0  0
                                              WGIN   52  0  0
                                              GINV   52  0  0
                                                             GINV  299  0  0
                                              WRES   52  0  0
                                              ITER   52  0  0
                                                             NORM  159  0  0
                                                             SRCH  107  0  0
                                                             WADX  107  0  0
                                                             ORTH  107  0  0
                                                             UPDA  107  0  0
                                              WSOL   52  0  0
                               XUIT   52  0  0
                               LC     52  0  0
                TTRC   19  0  0
                               TPRP   19  0  0
                               TSOL  247  0  0
                                              TMAT  494  0  0
                                              TLIN  247  0  0
                                                             WGIN  247  0  0
                                                                            GINV  247  0  0
                                                             WRES  247  0  0
                                                             ITER  247  0  0
                                                                            NORM  494  0  0
                                                                            SRCH  247  0  0
                                                                            WADX  247  0  0
                                                                            ORTH  247  0  0
                                                                            UPDA  247  0  0
                                                             WSOL  247  0  0
 WWX     3  0  0
 AWX     3  0  0
 FWXR    3 12 12
 XW      3  6  6
 YW      3  0  0

 IT= 0   CNV      CELL     MAT BAL   DPRESS    DSWAT
 OIL 0.13516( 14,  1,  8)  3.2D-02     0.00  0.00000
 WAT-0.13578( 14,  1,  8) -3.0D-02     0.00  0.00000

       LINIT= 4 NSCHP=    1 NCHOP=    0 NSTAT1,2,3=    0  135    0 NTRAN=    0
 IT= 1   CNV      CELL     MAT BAL   DPRESS    DSWAT
 OIL-0.05152( 14,  1,  8)  1.0D-04   -31.47  0.11086
 WAT 0.30038(  9,  1,  8) -8.4D-05   -97.99  0.03262

       LINIT= 2 NSCHP=    0 NCHOP=    0 NSTAT1,2,3=    0  135    0 NTRAN=    0
 IT= 2   CNV      CELL     MAT BAL   DPRESS    DSWAT
 OIL 0.00136( 14,  1,  6) -2.3D-08   -29.87  0.02684
 WAT 0.05087( 11,  1,  6)  7.3D-09   -69.63  0.07244

       LINIT= 2 NSCHP=    0 NCHOP=    0 NSTAT1,2,3=    0  135    0 NTRAN=    0
 IT= 3   CNV      CELL     MAT BAL   DPRESS    DSWAT
 OIL 0.00003( 11,  1,  4) -9.9D-11   -70.82  0.02027
 WAT 0.00051( 11,  1,  6)  6.7D-11   -70.03  0.06906

 STEP   20 TIME= 3365.00  DAYS (+365.0  DAYS MAXS  3 ITS) (19-MAR-1992)
  PAV=  5007.1  PSIA   WCT=0.239 GOR= 0.00000  MSCF/STB WGR= 0.00000  STB/MSCF

      PR.RATE   PR.TOTAL  IN.RATE   IN.TOTAL  MAX SATURN CHANGE   MAX TIME TRNC ERR

 OIL    2282.   8948007.       0.         0. -0.119( 11,  1,  7) -0.049( 13,  1,  7)
 WAT     718.   1146993.    2800.   9422000.  0.119( 11,  1,  7)  0.049( 13,  1,  7)
      MAX DP = -194.33(  1,  1,  1)

 IT= 0   CNV      CELL     MAT BAL   DPRESS    DSWAT
 OIL 0.10352( 11,  1,  7)  2.5D-02     0.00  0.00000
 WAT-0.10327( 11,  1,  7) -2.4D-02     0.00  0.00000

       LINIT= 4 NSCHP=    0 NCHOP=    0 NSTAT1,2,3=    0  135    0 NTRAN=    0
 IT= 1   CNV      CELL     MAT BAL   DPRESS    DSWAT
 OIL 0.03256( 11,  1,  6)  6.2D-05   -60.58  0.05425
 WAT 0.38067(  8,  1,  4) -5.0D-05   -99.27  0.03354

       LINIT= 2 NSCHP=    0 NCHOP=    0 NSTAT1,2,3=    0  135    0 NTRAN=    0
 IT= 2   CNV      CELL     MAT BAL   DPRESS    DSWAT
 OIL-0.00154( 12,  1,  6)  2.9D-08   -46.94  0.07706
 WAT 0.02906( 11,  1,  8) -4.0D-08   -62.80  0.01884

       LINIT= 1 NSCHP=    0 NCHOP=    0 NSTAT1,2,3=    0  135    0 NTRAN=    0
 IT= 3   CNV      CELL     MAT BAL   DPRESS    DSWAT
 OIL-0.00002( 14,  1,  4)  2.1D-11   -22.57  0.01240
 WAT-0.00007( 11,  1,  8)  1.4D-11   -62.84  0.01866

 STEP   21 TIME= 3682.50  DAYS (+317.5  DAYS HALF  3 ITS) (30-JAN-1993)
  PAV=  4916.6  PSIA   WCT=0.294 GOR= 0.00000  MSCF/STB WGR= 0.00000  STB/MSCF

      PR.RATE   PR.TOTAL  IN.RATE   IN.TOTAL  MAX SATURN CHANGE   MAX TIME TRNC ERR

 OIL    2118.   9620490.       0.         0. -0.113( 14,  1,  7) -0.044( 14,  1,  7)
 WAT     882.   1427010.    2800.  10311000.  0.113( 14,  1,  7)  0.044( 14,  1,  7)
      MAX DP = -180.08(  1,  1,  1)

 IT= 0   CNV      CELL     MAT BAL   DPRESS    DSWAT
 OIL 0.11175( 14,  1,  7)  2.4D-02     0.00  0.00000
 WAT-0.11232( 14,  1,  7) -2.2D-02     0.00  0.00000

       LINIT= 4 NSCHP=    0 NCHOP=    0 NSTAT1,2,3=    0  135    0 NTRAN=    0
 IT= 1   CNV      CELL     MAT BAL   DPRESS    DSWAT
 OIL 0.05217( 13,  1,  4)  6.8D-05   -34.77  0.02832
 WAT 0.36554(  9,  1,  4) -5.6D-05   -94.05  0.04758

       LINIT= 2 NSCHP=    0 NCHOP=    0 NSTAT1,2,3=    0  135    0 NTRAN=    0
 IT= 2   CNV      CELL     MAT BAL   DPRESS    DSWAT
 OIL 0.00791( 13,  1,  4)  5.0D-07   -41.86  0.03223
 WAT 0.01326( 13,  1,  6) -5.4D-07   -40.75  0.09188

       LINIT= 1 NSCHP=    0 NCHOP=    0 NSTAT1,2,3=    0  135    0 NTRAN=    0
 IT= 3   CNV      CELL     MAT BAL   DPRESS    DSWAT
 OIL-0.00003( 15,  1,  1)  7.4D-10   -12.06  0.02920
 WAT-0.00011( 13,  1,  4) -1.1D-09   -41.89  0.03257

 STEP   22 TIME= 4000.00  DAYS (+317.5  DAYS REPT  3 ITS) (14-DEC-1993)
  PAV=  4817.2  PSIA   WCT=0.357 GOR= 0.00000  MSCF/STB WGR= 0.00000  STB/MSCF

      PR.RATE   PR.TOTAL  IN.RATE   IN.TOTAL  MAX SATURN CHANGE   MAX TIME TRNC ERR

 OIL    1928.  10232599.       0.         0. -0.113( 14,  1,  7) -0.053( 14,  1,  6)
 WAT    1072.   1767401.    2800.  11200000.  0.113( 14,  1,  7)  0.053( 14,  1,  6)
      MAX DP = -195.90(  1,  1,  1)

 @--MESSAGE  AT TIME     4000.0   DAYS    (14-DEC-1993):
 @           RESTART FILE WRITTEN   REPORT     4
 @           RESTART INCLUDES FLUIDS IN PLACE
 =======================================================
 TIMING REPORTS AT CPU=     0 SECS - ELAPSED=     0 SECS
 =======================================================
 ZZSS    1 11 11
                RR      1  6  6
 SR      1 11 11
                LC      1  6  6
 TS      4 50 50
                NX     22 22 22
                               WC     83  5  5
                               AC     83  0  0
                               LMRS   83  0  0
                               CONV   83 17 17
                               LMJC   61  0  0
                               LXX    61  0  0
                                              WGIN   61  0  0
                                              GINV   61  0  0
                                                             GINV  347  0  0
                                              WRES   61  0  0
                                              ITER   61  0  0
                                                             NORM  190  0  0
                                                             SRCH  129  0  0
                                                             WADX  129  0  0
                                                             ORTH  129  0  0
                                                             UPDA  129  0  0
                                              WSOL   61  0  0
                               XUIT   61  0  0
                               LC     61  0  0
                TTRC   22  0  0
                               TPRP   22  0  0
                               TSOL  286  0  0
                                              TMAT  572  0  0
                                              TLIN  286  0  0
                                                             WGIN  286  0  0
                                                                            GINV  286  0  0
                                                             WRES  286  0  0
                                                             ITER  286  0  0
                                                                            NORM  572  0  0
                                                                            SRCH  286  0  0
                                                                            WADX  286  0  0
                                                                            ORTH  286  0  0
                                                                            UPDA  286  0  0
                                                             WSOL  286  0  0
 WWX     4  6  6
 AWX     4  0  0
 FWXR    4 11 11
 XW      4  5  5
 YW      4  0  0

 IT= 0   CNV      CELL     MAT BAL   DPRESS    DSWAT
 OIL 0.12856( 14,  1,  7)  2.5D-02     0.00  0.00000
 WAT-0.12919( 14,  1,  7) -2.3D-02     0.00  0.00000

       LINIT= 4 NSCHP=    0 NCHOP=    0 NSTAT1,2,3=    0  135    0 NTRAN=    0
 IT= 1   CNV      CELL     MAT BAL   DPRESS    DSWAT
 OIL 0.15370( 14,  1,  4)  1.5D-04   -32.52  0.04432
 WAT 0.88614( 10,  1,  4) -1.4D-04  -103.57  0.06864

       LINIT= 2 NSCHP=    0 NCHOP=    0 NSTAT1,2,3=    0  135    0 NTRAN=    0
 IT= 2   CNV      CELL     MAT BAL   DPRESS    DSWAT
 OIL 0.03494( 14,  1,  4)  4.9D-06   -41.57  0.05180
 WAT 0.06359( 14,  1,  6) -5.2D-06   -40.40  0.11554

       LINIT= 2 NSCHP=    0 NCHOP=    0 NSTAT1,2,3=    0  135    0 NTRAN=    0
 IT= 3   CNV      CELL     MAT BAL   DPRESS    DSWAT
 OIL 0.00024( 14,  1,  5)  1.1D-08   -40.94  0.10992
 WAT 0.00066( 14,  1,  6) -1.1D-08   -40.33  0.11120

 STEP   23 TIME= 4365.00  DAYS (+365.0  DAYS MAXS  3 ITS) (14-DEC-1994)
  PAV=  4687.3  PSIA   WCT=0.463 GOR= 0.00000  MSCF/STB WGR= 0.00000  STB/MSCF

      PR.RATE   PR.TOTAL  IN.RATE   IN.TOTAL  MAX SATURN CHANGE   MAX TIME TRNC ERR

 OIL    1612.  10820800.       0.         0. -0.111( 14,  1,  6)  0.042( 13,  1,  7)
 WAT    1388.   2274200.    2800.  12222000.  0.111( 14,  1,  6) -0.042( 13,  1,  7)
      MAX DP = -239.14(  1,  1,  1)

 IT= 0   CNV      CELL     MAT BAL   DPRESS    DSWAT
 OIL 0.09555( 14,  1,  6)  1.8D-02     0.00  0.00000
 WAT-0.09538( 14,  1,  6) -1.6D-02     0.00  0.00000

       LINIT= 4 NSCHP=    1 NCHOP=    0 NSTAT1,2,3=    0  135    0 NTRAN=    0
 IT= 1   CNV      CELL     MAT BAL   DPRESS    DSWAT
 OIL 0.04053( 14,  1,  4) -3.3D-06   -40.09  0.06115
 WAT 1.18705( 11,  1,  4)  1.4D-05   -81.53  0.06775

       LINIT= 2 NSCHP=    0 NCHOP=    0 NSTAT1,2,3=    0  135    0 NTRAN=    0
 IT= 2   CNV      CELL     MAT BAL   DPRESS    DSWAT
 OIL-0.00830( 11,  1,  4) -3.6D-08   -99.63  0.04537
 WAT 0.07515( 11,  1,  4)  3.4D-08   -99.63  0.04537

       LINIT= 2 NSCHP=    0 NCHOP=    0 NSTAT1,2,3=    0  135    0 NTRAN=    0
 IT= 3   CNV      CELL     MAT BAL   DPRESS    DSWAT
 OIL 0.00003( 11,  1,  4)  1.3D-09   -99.85  0.04352
 WAT 0.00049( 11,  1,  4) -3.2D-09   -99.85  0.04352

 STEP   24 TIME= 4682.50  DAYS (+317.5  DAYS HALF  3 ITS) (27-OCT-1995)
  PAV=  4565.7  PSIA   WCT=0.571 GOR= 0.00000  MSCF/STB WGR= 0.00000  STB/MSCF

      PR.RATE   PR.TOTAL  IN.RATE   IN.TOTAL  MAX SATURN CHANGE   MAX TIME TRNC ERR

 OIL    1288.  11229839.       0.         0. -0.083( 14,  1,  5)  0.034( 14,  1,  7)
 WAT    1712.   2817661.    2800.  13111000.  0.083( 14,  1,  5) -0.034( 14,  1,  7)
      MAX DP = -208.48(  1,  1,  1)

 IT= 0   CNV      CELL     MAT BAL   DPRESS    DSWAT
 OIL 0.08236( 14,  1,  5)  1.4D-02     0.00  0.00000
 WAT-0.08256( 14,  1,  5) -1.3D-02     0.00  0.00000

       LINIT= 4 NSCHP=    1 NCHOP=    0 NSTAT1,2,3=    0  135    0 NTRAN=    0
 IT= 1   CNV      CELL     MAT BAL   DPRESS    DSWAT
 OIL-0.05191( 15,  1,  1) -2.3D-04   -13.08  0.06139
 WAT 0.96178( 13,  1,  4)  2.4D-04   -50.51  0.08019

       LINIT= 2 NSCHP=    1 NCHOP=    0 NSTAT1,2,3=    0  135    0 NTRAN=    0
 IT= 2   CNV      CELL     MAT BAL   DPRESS    DSWAT
 OIL 0.00596( 14,  1,  4)  4.9D-06   -35.53  0.09173
 WAT-0.13814( 15,  1,  4) -5.1D-06   -20.15  0.05469

       LINIT= 2 NSCHP=    0 NCHOP=    0 NSTAT1,2,3=    0  135    0 NTRAN=    0
 IT= 3   CNV      CELL     MAT BAL   DPRESS    DSWAT
 OIL-0.00019( 14,  1,  4)  2.1D-08   -37.67  0.08792
 WAT 0.00237( 14,  1,  4) -2.2D-08   -37.67  0.08792

 STEP   25 TIME= 5000.00  DAYS (+317.5  DAYS REPT  3 ITS) (9-SEP-1996)
  PAV=  4437.1  PSIA   WCT=0.680 GOR= 0.00000  MSCF/STB WGR= 0.00000  STB/MSCF

      PR.RATE   PR.TOTAL  IN.RATE   IN.TOTAL  MAX SATURN CHANGE   MAX TIME TRNC ERR

 OIL     960.  11534642.       0.         0. -0.088( 14,  1,  4)  0.031( 14,  1,  5)
 WAT    2040.   3465358.    2800.  14000000.  0.088( 14,  1,  4) -0.031( 14,  1,  5)
      MAX DP = -199.61(  1,  1,  1)

 @--MESSAGE  AT TIME     5000.0   DAYS    ( 9-SEP-1996):
 @           RESTART FILE WRITTEN   REPORT     5
 @           RESTART INCLUDES FLUIDS IN PLACE
 =======================================================
 TIMING REPORTS AT CPU=     0 SECS - ELAPSED=     0 SECS
 =======================================================
 ZZSS    1 10 10
                RR      1  5  5
 SR      1 10 10
                LC      1  5  5
 TS      5 55 55
                NX     25 25 25
                               WC     95  5  5
                               AC     95  0  0
                               LMRS   95  0  0
                               CONV   95 20 20
                               LMJC   70  0  0
                               LXX    70  0  0
                                              WGIN   70  0  0
                                              GINV   70  0  0
                                                             GINV  395  0  0
                                              WRES   70  0  0
                                              ITER   70  0  0
                                                             NORM  223  0  0
                                                             SRCH  153  0  0
                                                             WADX  153  0  0
                                                             ORTH  153  0  0
                                                             UPDA  153  0  0
                                              WSOL   70  0  0
                               XUIT   70  0  0
                               LC     70  0  0
                TTRC   25  0  0
                               TPRP   25  0  0
                               TSOL  325  0  0
                                              TMAT  650  0  0
                                              TLIN  325  0  0
                                                             WGIN  325  0  0
                                                                            GINV  325  0  0
                                                             WRES  325  0  0
                                                             ITER  325  0  0
                                                                            NORM  650  0  0
                                                                            SRCH  325  0  0
                                                                            WADX  325  0  0
                                                                            ORTH  325  0  0
                                                                            UPDA  325  0  0
                                                             WSOL  325  0  0
 WWX     5  5  5
 AWX     5  0  0
 FWXR    5 10 10
 XW      5  5  5
 YW      5  0  0
    96 READING END

 Error summary
 Comments               2
 Warnings               4
 Problems               0
 Errors                 0
 Bugs                   0
 Final cpu       0.31 elapsed       0.31

